C:\USERS\JX\DESKTOP\GAME11\DEBUG\GAME.EXE
C:\USERS\JX\DESKTOP\GAME11\DEBUG\GAME.ILK
C:\USERS\JX\DESKTOP\GAME11\DEBUG\GAME.PDB
C:\USERS\JX\DESKTOP\GAME11\GAME\DEBUG\CANIMBIRD.OBJ
C:\USERS\JX\DESKTOP\GAME11\GAME\DEBUG\CBATTLE.OBJ
C:\USERS\JX\DESKTOP\GAME11\GAME\DEBUG\CBATTLE1.OBJ
C:\USERS\JX\DESKTOP\GAME11\GAME\DEBUG\CBIGMOUSEANIMBIRD.OBJ
C:\USERS\JX\DESKTOP\GAME11\GAME\DEBUG\CBIRD.OBJ
C:\USERS\JX\DESKTOP\GAME11\GAME\DEBUG\CBLACKBIRD.OBJ
C:\USERS\JX\DESKTOP\GAME11\GAME\DEBUG\CBREDBIRD.OBJ
C:\USERS\JX\DESKTOP\GAME11\GAME\DEBUG\CBULLET.OBJ
C:\USERS\JX\DESKTOP\GAME11\GAME\DEBUG\CDROPINGOBJECTS.OBJ
C:\USERS\JX\DESKTOP\GAME11\GAME\DEBUG\CEGG.OBJ
C:\USERS\JX\DESKTOP\GAME11\GAME\DEBUG\CEQUIPMENT.OBJ
C:\USERS\JX\DESKTOP\GAME11\GAME\DEBUG\CEQUIPMENTMANAGER.OBJ
C:\USERS\JX\DESKTOP\GAME11\GAME\DEBUG\CFART.OBJ
C:\USERS\JX\DESKTOP\GAME11\GAME\DEBUG\CGAME.OBJ
C:\USERS\JX\DESKTOP\GAME11\GAME\DEBUG\CGUI.OBJ
C:\USERS\JX\DESKTOP\GAME11\GAME\DEBUG\CMAINMENU.OBJ
C:\USERS\JX\DESKTOP\GAME11\GAME\DEBUG\COBJECTS.OBJ
C:\USERS\JX\DESKTOP\GAME11\GAME\DEBUG\CPIG.OBJ
C:\USERS\JX\DESKTOP\GAME11\GAME\DEBUG\CROCKET.OBJ
C:\USERS\JX\DESKTOP\GAME11\GAME\DEBUG\CSOUNDMANAGER.OBJ
C:\USERS\JX\DESKTOP\GAME11\GAME\DEBUG\CYOUNGPIG.OBJ
C:\USERS\JX\DESKTOP\GAME11\GAME\DEBUG\GAME.EXE.EMBED.MANIFEST.RES
C:\USERS\JX\DESKTOP\GAME11\GAME\DEBUG\GAME.EXE.INTERMEDIATE.MANIFEST
C:\USERS\JX\DESKTOP\GAME11\GAME\DEBUG\MAIN.OBJ
C:\USERS\JX\DESKTOP\GAME11\GAME\DEBUG\VC100.PDB
C:\USERS\NEO\DESKTOP\GAME\DEBUG\GAME.EXE
C:\USERS\NEO\DESKTOP\GAME\DEBUG\GAME.ILK
C:\USERS\NEO\DESKTOP\GAME\DEBUG\GAME.PDB
C:\USERS\NEO\DESKTOP\GAME\GAME\DEBUG\CANIMBIRD.OBJ
C:\USERS\NEO\DESKTOP\GAME\GAME\DEBUG\CBATTLE.OBJ
C:\USERS\NEO\DESKTOP\GAME\GAME\DEBUG\CBATTLE1.OBJ
C:\USERS\NEO\DESKTOP\GAME\GAME\DEBUG\CBIGMOUSEANIMBIRD.OBJ
C:\USERS\NEO\DESKTOP\GAME\GAME\DEBUG\CBIRD.OBJ
C:\USERS\NEO\DESKTOP\GAME\GAME\DEBUG\CBLACKBIRD.OBJ
C:\USERS\NEO\DESKTOP\GAME\GAME\DEBUG\CBREDBIRD.OBJ
C:\USERS\NEO\DESKTOP\GAME\GAME\DEBUG\CBULLET.OBJ
C:\USERS\NEO\DESKTOP\GAME\GAME\DEBUG\CDROPINGOBJECTS.OBJ
C:\USERS\NEO\DESKTOP\GAME\GAME\DEBUG\CEGG.OBJ
C:\USERS\NEO\DESKTOP\GAME\GAME\DEBUG\CEQUIPMENT.OBJ
C:\USERS\NEO\DESKTOP\GAME\GAME\DEBUG\CEQUIPMENTMANAGER.OBJ
C:\USERS\NEO\DESKTOP\GAME\GAME\DEBUG\CFART.OBJ
C:\USERS\NEO\DESKTOP\GAME\GAME\DEBUG\CGAME.OBJ
C:\USERS\NEO\DESKTOP\GAME\GAME\DEBUG\CGUI.OBJ
C:\USERS\NEO\DESKTOP\GAME\GAME\DEBUG\CMAINMENU.OBJ
C:\USERS\NEO\DESKTOP\GAME\GAME\DEBUG\COBJECTS.OBJ
C:\USERS\NEO\DESKTOP\GAME\GAME\DEBUG\CPIG.OBJ
C:\USERS\NEO\DESKTOP\GAME\GAME\DEBUG\CROCKET.OBJ
C:\USERS\NEO\DESKTOP\GAME\GAME\DEBUG\CSOUNDMANAGER.OBJ
C:\USERS\NEO\DESKTOP\GAME\GAME\DEBUG\CYOUNGPIG.OBJ
C:\USERS\NEO\DESKTOP\GAME\GAME\DEBUG\GAME.EXE.EMBED.MANIFEST.RES
C:\USERS\NEO\DESKTOP\GAME\GAME\DEBUG\GAME.EXE.INTERMEDIATE.MANIFEST
C:\USERS\NEO\DESKTOP\GAME\GAME\DEBUG\MAIN.OBJ
C:\USERS\NEO\DESKTOP\GAME\GAME\DEBUG\VC100.PDB
D:\PROJECTS\GAME\DEBUG\GAME.EXE
D:\PROJECTS\GAME\DEBUG\GAME.ILK
D:\PROJECTS\GAME\DEBUG\GAME.PDB
D:\PROJECTS\GAME\GAME\DEBUG\CBATTLE.OBJ
D:\PROJECTS\GAME\GAME\DEBUG\CBIRD.OBJ
D:\PROJECTS\GAME\GAME\DEBUG\CBLACKBIRD.OBJ
D:\PROJECTS\GAME\GAME\DEBUG\CBREDBIRD.OBJ
D:\PROJECTS\GAME\GAME\DEBUG\CEGG.OBJ
D:\PROJECTS\GAME\GAME\DEBUG\CGAME.OBJ
D:\PROJECTS\GAME\GAME\DEBUG\COBJECTS.OBJ
D:\PROJECTS\GAME\GAME\DEBUG\CPIG.OBJ
D:\PROJECTS\GAME\GAME\DEBUG\CSOUNDMANAGER.OBJ
D:\PROJECTS\GAME\GAME\DEBUG\CYOUNGPIG.OBJ
D:\PROJECTS\GAME\GAME\DEBUG\GAME.EXE.EMBED.MANIFEST
D:\PROJECTS\GAME\GAME\DEBUG\GAME.EXE.EMBED.MANIFEST.RES
D:\PROJECTS\GAME\GAME\DEBUG\GAME.EXE.INTERMEDIATE.MANIFEST
D:\PROJECTS\GAME\GAME\DEBUG\MAIN.OBJ
D:\PROJECTS\GAME\GAME\DEBUG\VC100.PDB
E:\GAME11\DEBUG\GAME.EXE
E:\GAME11\DEBUG\GAME.ILK
E:\GAME11\DEBUG\GAME.PDB
E:\GAME11\GAME\DEBUG\CANIMATION.OBJ
E:\Game11\Game\Debug\CAnimBird.obj
E:\GAME11\GAME\DEBUG\CANIMEGG.OBJ
E:\GAME11\GAME\DEBUG\CBATTLE.OBJ
E:\GAME11\GAME\DEBUG\CBATTLE1.OBJ
E:\Game11\Game\Debug\CBigMouseAnimBird.obj
E:\GAME11\GAME\DEBUG\CBIGMOUSEBIRD.OBJ
E:\GAME11\GAME\DEBUG\CBIRD.OBJ
E:\Game11\Game\Debug\CBlackBird.obj
E:\GAME11\GAME\DEBUG\CBOMBEGG.OBJ
E:\Game11\Game\Debug\CBRedBird.obj
E:\GAME11\GAME\DEBUG\CBULLET.OBJ
E:\GAME11\GAME\DEBUG\CDROPINGOBJECTS.OBJ
E:\Game11\Game\Debug\CEgg.obj
E:\GAME11\GAME\DEBUG\CEGGBIRD.OBJ
E:\GAME11\GAME\DEBUG\CEQUIPMENT.OBJ
E:\GAME11\GAME\DEBUG\CEQUIPMENTMANAGER.OBJ
E:\GAME11\GAME\DEBUG\CFART.OBJ
E:\GAME11\GAME\DEBUG\CGAME.OBJ
E:\GAME11\GAME\DEBUG\CGUI.OBJ
E:\Game11\Game\Debug\cl.command.1.tlog
E:\Game11\Game\Debug\CL.read.1.tlog
E:\Game11\Game\Debug\CL.write.1.tlog
E:\GAME11\GAME\DEBUG\CLIGHTBIRD.OBJ
E:\GAME11\GAME\DEBUG\CMAINMENU.OBJ
E:\GAME11\GAME\DEBUG\COBJECTS.OBJ
E:\GAME11\GAME\DEBUG\CPIG.OBJ
E:\GAME11\GAME\DEBUG\CROCKET.OBJ
E:\GAME11\GAME\DEBUG\CSOUNDMANAGER.OBJ
E:\GAME11\GAME\DEBUG\CYOUNGPIG.OBJ
E:\Game11\Game\Debug\Game.exe.embed.manifest
E:\GAME11\GAME\DEBUG\GAME.EXE.EMBED.MANIFEST.RES
E:\GAME11\GAME\DEBUG\GAME.EXE.INTERMEDIATE.MANIFEST
E:\Game11\Game\Debug\Game_manifest.rc
E:\Game11\Game\Debug\link.10464.read.1.tlog
E:\Game11\Game\Debug\link.10464.write.1.tlog
E:\Game11\Game\Debug\link.10464-cvtres.read.1.tlog
E:\Game11\Game\Debug\link.10464-cvtres.write.1.tlog
E:\Game11\Game\Debug\link.1188.read.1.tlog
E:\Game11\Game\Debug\link.1188.write.1.tlog
E:\Game11\Game\Debug\link.1188-cvtres.read.1.tlog
E:\Game11\Game\Debug\link.1188-cvtres.write.1.tlog
E:\Game11\Game\Debug\link.1192.read.1.tlog
E:\Game11\Game\Debug\link.1192.write.1.tlog
E:\Game11\Game\Debug\link.1192-cvtres.read.1.tlog
E:\Game11\Game\Debug\link.1192-cvtres.write.1.tlog
E:\Game11\Game\Debug\link.13348.read.1.tlog
E:\Game11\Game\Debug\link.13348.write.1.tlog
E:\Game11\Game\Debug\link.13348-cvtres.read.1.tlog
E:\Game11\Game\Debug\link.13348-cvtres.write.1.tlog
E:\Game11\Game\Debug\link.1448.read.1.tlog
E:\Game11\Game\Debug\link.1448.write.1.tlog
E:\Game11\Game\Debug\link.1448-cvtres.read.1.tlog
E:\Game11\Game\Debug\link.1448-cvtres.write.1.tlog
E:\Game11\Game\Debug\link.14568.read.1.tlog
E:\Game11\Game\Debug\link.14568.write.1.tlog
E:\Game11\Game\Debug\link.14568-cvtres.read.1.tlog
E:\Game11\Game\Debug\link.14568-cvtres.write.1.tlog
E:\Game11\Game\Debug\link.1904.read.1.tlog
E:\Game11\Game\Debug\link.1904.write.1.tlog
E:\Game11\Game\Debug\link.1904-cvtres.read.1.tlog
E:\Game11\Game\Debug\link.1904-cvtres.write.1.tlog
E:\Game11\Game\Debug\link.21616.read.1.tlog
E:\Game11\Game\Debug\link.21616.write.1.tlog
E:\Game11\Game\Debug\link.21616-cvtres.read.1.tlog
E:\Game11\Game\Debug\link.21616-cvtres.write.1.tlog
E:\Game11\Game\Debug\link.22888.read.1.tlog
E:\Game11\Game\Debug\link.22888.write.1.tlog
E:\Game11\Game\Debug\link.22888-cvtres.read.1.tlog
E:\Game11\Game\Debug\link.22888-cvtres.write.1.tlog
E:\Game11\Game\Debug\link.24456.read.1.tlog
E:\Game11\Game\Debug\link.24456.write.1.tlog
E:\Game11\Game\Debug\link.24456-cvtres.read.1.tlog
E:\Game11\Game\Debug\link.24456-cvtres.write.1.tlog
E:\Game11\Game\Debug\link.2980.read.1.tlog
E:\Game11\Game\Debug\link.2980.write.1.tlog
E:\Game11\Game\Debug\link.2980-cvtres.read.1.tlog
E:\Game11\Game\Debug\link.2980-cvtres.write.1.tlog
E:\Game11\Game\Debug\link.3268.read.1.tlog
E:\Game11\Game\Debug\link.3268.write.1.tlog
E:\Game11\Game\Debug\link.3268-cvtres.read.1.tlog
E:\Game11\Game\Debug\link.3268-cvtres.write.1.tlog
E:\Game11\Game\Debug\link.4000.read.1.tlog
E:\Game11\Game\Debug\link.4000.write.1.tlog
E:\Game11\Game\Debug\link.4000-cvtres.read.1.tlog
E:\Game11\Game\Debug\link.4000-cvtres.write.1.tlog
E:\Game11\Game\Debug\link.4068.read.1.tlog
E:\Game11\Game\Debug\link.4068.write.1.tlog
E:\Game11\Game\Debug\link.4068-cvtres.read.1.tlog
E:\Game11\Game\Debug\link.4068-cvtres.write.1.tlog
E:\Game11\Game\Debug\link.4828.read.1.tlog
E:\Game11\Game\Debug\link.4828.write.1.tlog
E:\Game11\Game\Debug\link.4828-cvtres.read.1.tlog
E:\Game11\Game\Debug\link.4828-cvtres.write.1.tlog
E:\Game11\Game\Debug\link.4884.read.1.tlog
E:\Game11\Game\Debug\link.4884.write.1.tlog
E:\Game11\Game\Debug\link.4884-cvtres.read.1.tlog
E:\Game11\Game\Debug\link.4884-cvtres.write.1.tlog
E:\Game11\Game\Debug\link.4920.read.1.tlog
E:\Game11\Game\Debug\link.4920.write.1.tlog
E:\Game11\Game\Debug\link.4920-cvtres.read.1.tlog
E:\Game11\Game\Debug\link.4920-cvtres.write.1.tlog
E:\Game11\Game\Debug\link.4948.read.1.tlog
E:\Game11\Game\Debug\link.4948.write.1.tlog
E:\Game11\Game\Debug\link.4948-cvtres.read.1.tlog
E:\Game11\Game\Debug\link.4948-cvtres.write.1.tlog
E:\Game11\Game\Debug\link.5024.read.1.tlog
E:\Game11\Game\Debug\link.5024.write.1.tlog
E:\Game11\Game\Debug\link.5024-cvtres.read.1.tlog
E:\Game11\Game\Debug\link.5024-cvtres.write.1.tlog
E:\Game11\Game\Debug\link.5256.read.1.tlog
E:\Game11\Game\Debug\link.5256.write.1.tlog
E:\Game11\Game\Debug\link.5256-cvtres.read.1.tlog
E:\Game11\Game\Debug\link.5256-cvtres.write.1.tlog
E:\Game11\Game\Debug\link.5460.read.1.tlog
E:\Game11\Game\Debug\link.5460.write.1.tlog
E:\Game11\Game\Debug\link.5460-cvtres.read.1.tlog
E:\Game11\Game\Debug\link.5460-cvtres.write.1.tlog
E:\Game11\Game\Debug\link.5560.read.1.tlog
E:\Game11\Game\Debug\link.5560.write.1.tlog
E:\Game11\Game\Debug\link.5560-cvtres.read.1.tlog
E:\Game11\Game\Debug\link.5560-cvtres.write.1.tlog
E:\Game11\Game\Debug\link.5624.read.1.tlog
E:\Game11\Game\Debug\link.5624.write.1.tlog
E:\Game11\Game\Debug\link.5624-cvtres.read.1.tlog
E:\Game11\Game\Debug\link.5624-cvtres.write.1.tlog
E:\Game11\Game\Debug\link.5644.read.1.tlog
E:\Game11\Game\Debug\link.5644.write.1.tlog
E:\Game11\Game\Debug\link.5644-cvtres.read.1.tlog
E:\Game11\Game\Debug\link.5644-cvtres.write.1.tlog
E:\Game11\Game\Debug\link.5688.read.1.tlog
E:\Game11\Game\Debug\link.5688.write.1.tlog
E:\Game11\Game\Debug\link.5688-cvtres.read.1.tlog
E:\Game11\Game\Debug\link.5688-cvtres.write.1.tlog
E:\Game11\Game\Debug\link.5984.read.1.tlog
E:\Game11\Game\Debug\link.5984.write.1.tlog
E:\Game11\Game\Debug\link.5984-cvtres.read.1.tlog
E:\Game11\Game\Debug\link.5984-cvtres.write.1.tlog
E:\Game11\Game\Debug\link.6024.read.1.tlog
E:\Game11\Game\Debug\link.6024.write.1.tlog
E:\Game11\Game\Debug\link.6024-cvtres.read.1.tlog
E:\Game11\Game\Debug\link.6024-cvtres.write.1.tlog
E:\Game11\Game\Debug\link.6388.read.1.tlog
E:\Game11\Game\Debug\link.6388.write.1.tlog
E:\Game11\Game\Debug\link.6388-cvtres.read.1.tlog
E:\Game11\Game\Debug\link.6388-cvtres.write.1.tlog
E:\Game11\Game\Debug\link.6640.read.1.tlog
E:\Game11\Game\Debug\link.6640.write.1.tlog
E:\Game11\Game\Debug\link.6640-cvtres.read.1.tlog
E:\Game11\Game\Debug\link.6640-cvtres.write.1.tlog
E:\Game11\Game\Debug\link.6892.read.1.tlog
E:\Game11\Game\Debug\link.6892.write.1.tlog
E:\Game11\Game\Debug\link.6892-cvtres.read.1.tlog
E:\Game11\Game\Debug\link.6892-cvtres.write.1.tlog
E:\Game11\Game\Debug\link.6944.read.1.tlog
E:\Game11\Game\Debug\link.6944.write.1.tlog
E:\Game11\Game\Debug\link.6944-cvtres.read.1.tlog
E:\Game11\Game\Debug\link.6944-cvtres.write.1.tlog
E:\Game11\Game\Debug\link.7048.read.1.tlog
E:\Game11\Game\Debug\link.7048.write.1.tlog
E:\Game11\Game\Debug\link.7048-cvtres.read.1.tlog
E:\Game11\Game\Debug\link.7048-cvtres.write.1.tlog
E:\Game11\Game\Debug\link.7116.read.1.tlog
E:\Game11\Game\Debug\link.7116.write.1.tlog
E:\Game11\Game\Debug\link.7116-cvtres.read.1.tlog
E:\Game11\Game\Debug\link.7116-cvtres.write.1.tlog
E:\Game11\Game\Debug\link.756.read.1.tlog
E:\Game11\Game\Debug\link.756.write.1.tlog
E:\Game11\Game\Debug\link.756-cvtres.read.1.tlog
E:\Game11\Game\Debug\link.756-cvtres.write.1.tlog
E:\Game11\Game\Debug\link.7616.read.1.tlog
E:\Game11\Game\Debug\link.7616.write.1.tlog
E:\Game11\Game\Debug\link.7616-cvtres.read.1.tlog
E:\Game11\Game\Debug\link.7616-cvtres.write.1.tlog
E:\Game11\Game\Debug\link.7724.read.1.tlog
E:\Game11\Game\Debug\link.7724.write.1.tlog
E:\Game11\Game\Debug\link.7724-cvtres.read.1.tlog
E:\Game11\Game\Debug\link.7724-cvtres.write.1.tlog
E:\Game11\Game\Debug\link.9196.read.1.tlog
E:\Game11\Game\Debug\link.9196.write.1.tlog
E:\Game11\Game\Debug\link.9196-cvtres.read.1.tlog
E:\Game11\Game\Debug\link.9196-cvtres.write.1.tlog
E:\Game11\Game\Debug\link.9224.read.1.tlog
E:\Game11\Game\Debug\link.9224.write.1.tlog
E:\Game11\Game\Debug\link.9224-cvtres.read.1.tlog
E:\Game11\Game\Debug\link.9224-cvtres.write.1.tlog
E:\Game11\Game\Debug\link.9692.read.1.tlog
E:\Game11\Game\Debug\link.9692.write.1.tlog
E:\Game11\Game\Debug\link.9692-cvtres.read.1.tlog
E:\Game11\Game\Debug\link.9692-cvtres.write.1.tlog
E:\Game11\Game\Debug\link.command.1.tlog
E:\Game11\Game\Debug\link.read.1.tlog
E:\Game11\Game\Debug\link.write.1.tlog
E:\Game11\Game\Debug\link-cvtres.read.1.tlog
E:\Game11\Game\Debug\link-cvtres.write.1.tlog
E:\GAME11\GAME\DEBUG\MAIN.OBJ
E:\Game11\Game\Debug\mt.command.1.tlog
E:\Game11\Game\Debug\mt.read.1.tlog
E:\Game11\Game\Debug\mt.write.1.tlog
E:\Game11\Game\Debug\rc.command.1.tlog
E:\Game11\Game\Debug\rc.read.1.tlog
E:\Game11\Game\Debug\rc.write.1.tlog
E:\Game11\Game\Debug\vc100.idb
E:\GAME11\GAME\DEBUG\VC100.PDB
G:\GAME\DEBUG\GAME.EXE
G:\GAME\DEBUG\GAME.ILK
G:\GAME\DEBUG\GAME.PDB
G:\GAME\GAME\DEBUG\CANIMBIRD.OBJ
G:\GAME\GAME\DEBUG\CBATTLE.OBJ
G:\GAME\GAME\DEBUG\CBATTLE1.OBJ
G:\GAME\GAME\DEBUG\CBIGMOUSEANIMBIRD.OBJ
G:\GAME\GAME\DEBUG\CBIRD.OBJ
G:\GAME\GAME\DEBUG\CBLACKBIRD.OBJ
G:\GAME\GAME\DEBUG\CBREDBIRD.OBJ
G:\GAME\GAME\DEBUG\CBULLET.OBJ
G:\GAME\GAME\DEBUG\CDROPINGOBJECTS.OBJ
G:\GAME\GAME\DEBUG\CEGG.OBJ
G:\GAME\GAME\DEBUG\CEQUIPMENT.OBJ
G:\GAME\GAME\DEBUG\CEQUIPMENTMANAGER.OBJ
G:\GAME\GAME\DEBUG\CFART.OBJ
G:\GAME\GAME\DEBUG\CGAME.OBJ
G:\GAME\GAME\DEBUG\CGUI.OBJ
G:\GAME\GAME\DEBUG\CMAINMENU.OBJ
G:\GAME\GAME\DEBUG\COBJECTS.OBJ
G:\GAME\GAME\DEBUG\CPIG.OBJ
G:\GAME\GAME\DEBUG\CROCKET.OBJ
G:\GAME\GAME\DEBUG\CSOUNDMANAGER.OBJ
G:\GAME\GAME\DEBUG\CYOUNGPIG.OBJ
G:\GAME\GAME\DEBUG\GAME.EXE.EMBED.MANIFEST.RES
G:\GAME\GAME\DEBUG\GAME.EXE.INTERMEDIATE.MANIFEST
G:\GAME\GAME\DEBUG\MAIN.OBJ
G:\GAME\GAME\DEBUG\VC100.PDB
